Unity Editor version:    2021.3.3f1 (af2e63e8f9bd)
Branch:                  2021.3/staging
Build type:              Release
Batch mode:              YES
macOS version:           Version 12.2.1 (Build 21D62)
Darwin version:          21.3.0
Architecture:            arm64
Running under Rosetta:   NO
Available memory:        16384 MB
Using pre-set license
Pro License: YES

COMMAND LINE ARGUMENTS:
/Applications/Unity/Hub/Editor/2021.3.3f1/Unity.app/Contents/MacOS/Unity
-adb2
-batchMode
-noUpm
-name
AssetImportWorker0
-projectPath
/Users/weizhengliang/Unity_Project_Git/Starve/Starve
-logFile
Logs/AssetImportWorker0.log
-srvPort
64443
Successfully changed project path to: /Users/weizhengliang/Unity_Project_Git/Starve/Starve
/Users/weizhengliang/Unity_Project_Git/Starve/Starve
[UnityMemory] Configuration Parameters - Can be set up in boot.config
    "memorysetup-bucket-allocator-granularity=16"
    "memorysetup-bucket-allocator-bucket-count=8"
    "memorysetup-bucket-allocator-block-size=33554432"
    "memorysetup-bucket-allocator-block-count=8"
    "memorysetup-main-allocator-block-size=16777216"
    "memorysetup-thread-allocator-block-size=16777216"
    "memorysetup-gfx-main-allocator-block-size=16777216"
    "memorysetup-gfx-thread-allocator-block-size=16777216"
    "memorysetup-cache-allocator-block-size=4194304"
    "memorysetup-typetree-allocator-block-size=2097152"
    "memorysetup-profiler-bucket-allocator-granularity=16"
    "memorysetup-profiler-bucket-allocator-bucket-count=8"
    "memorysetup-profiler-bucket-allocator-block-size=33554432"
    "memorysetup-profiler-bucket-allocator-block-count=8"
    "memorysetup-profiler-allocator-block-size=16777216"
    "memorysetup-profiler-editor-allocator-block-size=1048576"
    "memorysetup-temp-allocator-size-main=16777216"
    "memorysetup-job-temp-allocator-block-size=2097152"
    "memorysetup-job-temp-allocator-block-size-background=1048576"
    "memorysetup-job-temp-allocator-reduction-small-platforms=262144"
    "memorysetup-temp-allocator-size-background-worker=32768"
    "memorysetup-temp-allocator-size-job-worker=262144"
    "memorysetup-temp-allocator-size-preload-manager=33554432"
    "memorysetup-temp-allocator-size-nav-mesh-worker=65536"
    "memorysetup-temp-allocator-size-audio-worker=65536"
    "memorysetup-temp-allocator-size-cloud-worker=32768"
    "memorysetup-temp-allocator-size-gi-baking-worker=262144"
    "memorysetup-temp-allocator-size-gfx=262144"
Refreshing native plugins compatible for Editor in 77.90 ms, found 2 plugins.
Preloading 0 native plugins for Editor in 0.00 ms.
Initialize engine version: 2021.3.3f1 (af2e63e8f9bd)
[Subsystems] Discovering subsystems at path /Applications/Unity/Hub/Editor/2021.3.3f1/Unity.app/Contents/Resources/UnitySubsystems
[Subsystems] Discovering subsystems at path /Users/weizhengliang/Unity_Project_Git/Starve/Starve/Assets
GfxDevice: creating device client; threaded=0; jobified=0
 preferred device: Apple M1 (high power)
Metal devices available: 1
0: Apple M1 (high power)
Using device Apple M1 (high power)
Initializing Metal device caps: Apple M1
Initialize mono
Mono path[0] = '/Applications/Unity/Hub/Editor/2021.3.3f1/Unity.app/Contents/Managed'
Mono path[1] = '/Applications/Unity/Hub/Editor/2021.3.3f1/Unity.app/Contents/MonoBleedingEdge/lib/mono/unityjit-macos'
Mono config path = '/Applications/Unity/Hub/Editor/2021.3.3f1/Unity.app/Contents/MonoBleedingEdge/etc'
Using monoOptions --debugger-agent=transport=dt_socket,embedding=1,server=y,suspend=n,address=127.0.0.1:56635
Begin MonoManager ReloadAssembly
Registering precompiled unity dll's ...
Register platform support module: /Applications/Unity/Hub/Editor/2021.3.3f1/PlaybackEngines/WebGLSupport/UnityEditor.WebGL.Extensions.dll
Register platform support module: /Applications/Unity/Hub/Editor/2021.3.3f1/Unity.app/Contents/PlaybackEngines/MacStandaloneSupport/UnityEditor.OSXStandalone.Extensions.dll
Register platform support module: /Applications/Unity/Hub/Editor/2021.3.3f1/PlaybackEngines/iOSSupport/UnityEditor.iOS.Extensions.dll
Registered in 0.002807 seconds.
[usbmuxd] Start listen thread
[usbmuxd] Listen thread started
[usbmuxd] Send listen message
Native extension for iOS target not found
Native extension for OSXStandalone target not found
Native extension for WebGL target not found
Refreshing native plugins compatible for Editor in 76.38 ms, found 2 plugins.
Preloading 0 native plugins for Editor in 0.00 ms.
Mono: successfully reloaded assembly
- Completed reload, in  0.453 seconds
Domain Reload Profiling:
	ReloadAssembly (454ms)
		BeginReloadAssembly (55ms)
			ExecutionOrderSort (0ms)
			DisableScriptedObjects (0ms)
			BackupInstance (0ms)
			ReleaseScriptingObjects (0ms)
			CreateAndSetChildDomain (0ms)
		EndReloadAssembly (329ms)
			LoadAssemblies (57ms)
			RebuildTransferFunctionScriptingTraits (0ms)
			SetupTypeCache (69ms)
			ReleaseScriptCaches (0ms)
			RebuildScriptCaches (20ms)
			SetupLoadedEditorAssemblies (213ms)
				LogAssemblyErrors (0ms)
				InitializePlatformSupportModulesInManaged (39ms)
				SetLoadedEditorAssemblies (0ms)
				RefreshPlugins (76ms)
				BeforeProcessingInitializeOnLoad (1ms)
				ProcessInitializeOnLoadAttributes (74ms)
				ProcessInitializeOnLoadMethodAttributes (24ms)
				AfterProcessingInitializeOnLoad (0ms)
				EditorAssembliesLoaded (0ms)
			ExecutionOrderSort2 (0ms)
			AwakeInstancesAfterBackupRestoration (0ms)
Platform modules already initialized, skipping
Registering precompiled user dll's ...
Registered in 0.003829 seconds.
Begin MonoManager ReloadAssembly
Symbol file LoadedFromMemory doesn't match image /Users/weizhengliang/Unity_Project_Git/Starve/Starve/Library/PackageCache/com.unity.visualscripting@1.7.6/Editor/VisualScripting.Core/Dependencies/YamlDotNet/Unity.VisualScripting.YamlDotNet.dll
Symbol file LoadedFromMemory doesn't match image /Users/weizhengliang/Unity_Project_Git/Starve/Starve/Library/PackageCache/com.unity.visualscripting@1.7.6/Editor/VisualScripting.Core/Dependencies/DotNetZip/Unity.VisualScripting.IonicZip.dll
Native extension for iOS target not found
Native extension for OSXStandalone target not found
Native extension for WebGL target not found
Refreshing native plugins compatible for Editor in 0.36 ms, found 2 plugins.
Preloading 0 native plugins for Editor in 0.00 ms.
Mono: successfully reloaded assembly
- Completed reload, in  0.630 seconds
Domain Reload Profiling:
	ReloadAssembly (631ms)
		BeginReloadAssembly (55ms)
			ExecutionOrderSort (0ms)
			DisableScriptedObjects (3ms)
			BackupInstance (0ms)
			ReleaseScriptingObjects (0ms)
			CreateAndSetChildDomain (12ms)
		EndReloadAssembly (504ms)
			LoadAssemblies (52ms)
			RebuildTransferFunctionScriptingTraits (0ms)
			SetupTypeCache (170ms)
			ReleaseScriptCaches (0ms)
			RebuildScriptCaches (33ms)
			SetupLoadedEditorAssemblies (222ms)
				LogAssemblyErrors (0ms)
				InitializePlatformSupportModulesInManaged (13ms)
				SetLoadedEditorAssemblies (0ms)
				RefreshPlugins (0ms)
				BeforeProcessingInitializeOnLoad (57ms)
				ProcessInitializeOnLoadAttributes (134ms)
				ProcessInitializeOnLoadMethodAttributes (17ms)
				AfterProcessingInitializeOnLoad (1ms)
				EditorAssembliesLoaded (0ms)
			ExecutionOrderSort2 (0ms)
			AwakeInstancesAfterBackupRestoration (2ms)
Platform modules already initialized, skipping
========================================================================
Worker process is ready to serve import requests
Launching external process: /Applications/Unity/Hub/Editor/2021.3.3f1/Unity.app/Contents/Tools/UnityShaderCompiler
Launched and connected shader compiler UnityShaderCompiler after 0.05 seconds
Refreshing native plugins compatible for Editor in 0.43 ms, found 2 plugins.
Preloading 0 native plugins for Editor in 0.00 ms.
Unloading 3375 Unused Serialized files (Serialized files now loaded: 0)
Unloading 26 unused Assets / (96.8 KB). Loaded Objects now: 3835.
Memory consumption went from 241.6 MB to 241.5 MB.
Total: 2.303458 ms (FindLiveObjects: 0.136167 ms CreateObjectMapping: 0.041084 ms MarkObjects: 2.049500 ms  DeleteObjects: 0.076000 ms)

AssetImportParameters requested are different than current active one (requested -> active):
  custom:video-decoder-ogg-theora: a1e56fd34408186e4bbccfd4996cb3dc -> 
  custom:container-muxer-webm: aa71ff27fc2769a1b78a27578f13a17b -> 
  custom:container-demuxer-webm: 4f35f7cbe854078d1ac9338744f61a02 -> 
  custom:video-encoder-webm-vp8: eb34c28f22e8b96e1ab97ce403110664 -> 
  custom:framework-osx-AVFoundation: e770b220cccbd017edd2c1fefb359320 -> 
  custom:audio-encoder-webm-vorbis: bf7c407c2cedff20999df2af8eb42d56 -> 
  custom:container-demuxer-ogg: 62fdf1f143b41e24485cea50d1cbac27 -> 
  custom:video-decoder-webm-vp8: 9c59270c3fd7afecdb556c50c9e8de78 -> 
  custom:audio-decoder-ogg-vorbis: bf7c407c2cedff20999df2af8eb42d56 -> 
========================================================================
Received Import Request.
  Time since last request: 223038.439664 seconds.
  path: Assets/Res/粒子火/Prefabs/TinyFire/TinyFire5_Chaos.prefab
  artifactKey: Guid(95ac769aad76e4841a39786fa2a5bad6) Importer(815301076,1909f56bfc062723c751e8b465ee728b)
Start importing Assets/Res/粒子火/Prefabs/TinyFire/TinyFire5_Chaos.prefab using Guid(95ac769aad76e4841a39786fa2a5bad6) Importer(815301076,1909f56bfc062723c751e8b465ee728b)  -> (artifact id: '4d642c4e898b81d05ce61b551165e1f4') in 0.794366 seconds 
========================================================================
Received Import Request.
  Time since last request: 0.000073 seconds.
  path: Assets/Res/粒子火/Prefabs/TinyFire/TinyFire_Chaos.prefab
  artifactKey: Guid(9a8f452007ea2fc46a2991278311f5bf) Importer(815301076,1909f56bfc062723c751e8b465ee728b)
Start importing Assets/Res/粒子火/Prefabs/TinyFire/TinyFire_Chaos.prefab using Guid(9a8f452007ea2fc46a2991278311f5bf) Importer(815301076,1909f56bfc062723c751e8b465ee728b)  -> (artifact id: '7fbf48c1bf2e4508b9285d9d4bce5993') in 0.007769 seconds 
========================================================================
Received Import Request.
  Time since last request: 0.000044 seconds.
  path: Assets/Res/粒子火/Prefabs/TinyFire/TinyFire3_Strong.prefab
  artifactKey: Guid(dbb43018d5aa7a94c8b6e3de5401eabc) Importer(815301076,1909f56bfc062723c751e8b465ee728b)
Start importing Assets/Res/粒子火/Prefabs/TinyFire/TinyFire3_Strong.prefab using Guid(dbb43018d5aa7a94c8b6e3de5401eabc) Importer(815301076,1909f56bfc062723c751e8b465ee728b)  -> (artifact id: '971d989298bfe916a03e01c4e03fa8e3') in 0.006556 seconds 
========================================================================
Received Import Request.
  Time since last request: 0.000034 seconds.
  path: Assets/Res/粒子火/Prefabs/TinyFire/TinyFire3_Chaos.prefab
  artifactKey: Guid(c94ca14725391464789de4e88007608c) Importer(815301076,1909f56bfc062723c751e8b465ee728b)
Start importing Assets/Res/粒子火/Prefabs/TinyFire/TinyFire3_Chaos.prefab using Guid(c94ca14725391464789de4e88007608c) Importer(815301076,1909f56bfc062723c751e8b465ee728b)  -> (artifact id: '409e2904675975976f284df2507de93e') in 0.006671 seconds 
========================================================================
Received Import Request.
  Time since last request: 0.000079 seconds.
  path: Assets/Res/粒子火/Prefabs/TinyFire/TinyFire5_Poison.prefab
  artifactKey: Guid(5e29a2120ef49e248bb0b0e7084dfef1) Importer(815301076,1909f56bfc062723c751e8b465ee728b)
Start importing Assets/Res/粒子火/Prefabs/TinyFire/TinyFire5_Poison.prefab using Guid(5e29a2120ef49e248bb0b0e7084dfef1) Importer(815301076,1909f56bfc062723c751e8b465ee728b)  -> (artifact id: '6f6fbd385154b85a2aa56a8e58ed968d') in 0.006419 seconds 
========================================================================
Received Import Request.
  Time since last request: 0.000045 seconds.
  path: Assets/Res/粒子火/Prefabs/TinyFire/TinyFire_Strong.prefab
  artifactKey: Guid(bbc4a54ad54f7134b93f363b469be9a2) Importer(815301076,1909f56bfc062723c751e8b465ee728b)
Start importing Assets/Res/粒子火/Prefabs/TinyFire/TinyFire_Strong.prefab using Guid(bbc4a54ad54f7134b93f363b469be9a2) Importer(815301076,1909f56bfc062723c751e8b465ee728b)  -> (artifact id: 'd81c370a21a3eaed885778df3839d0e5') in 0.006735 seconds 
========================================================================
Received Import Request.
  Time since last request: 0.000036 seconds.
  path: Assets/Res/粒子火/Prefabs/TinyFire/TinyFire3_Poison.prefab
  artifactKey: Guid(fc69ccf3f7f124548ae8d6c7ef37bace) Importer(815301076,1909f56bfc062723c751e8b465ee728b)
Start importing Assets/Res/粒子火/Prefabs/TinyFire/TinyFire3_Poison.prefab using Guid(fc69ccf3f7f124548ae8d6c7ef37bace) Importer(815301076,1909f56bfc062723c751e8b465ee728b)  -> (artifact id: '0f49279c02ab2738ae1da2df6a1d1d92') in 0.006000 seconds 
========================================================================
Received Import Request.
  Time since last request: 0.000031 seconds.
  path: Assets/Res/粒子火/Prefabs/TinyFire/TinyFire.prefab
  artifactKey: Guid(28fbc97a4e7e92144af43a4bd05be737) Importer(815301076,1909f56bfc062723c751e8b465ee728b)
Start importing Assets/Res/粒子火/Prefabs/TinyFire/TinyFire.prefab using Guid(28fbc97a4e7e92144af43a4bd05be737) Importer(815301076,1909f56bfc062723c751e8b465ee728b)  -> (artifact id: '54029120894c121cbadf4b903901ea0b') in 0.002514 seconds 
========================================================================
Received Import Request.
  Time since last request: 0.000042 seconds.
  path: Assets/Res/粒子火/Prefabs/TinyFire/TinyFire4.prefab
  artifactKey: Guid(54b675d5f2989b94e99fef50f523abc0) Importer(815301076,1909f56bfc062723c751e8b465ee728b)
Start importing Assets/Res/粒子火/Prefabs/TinyFire/TinyFire4.prefab using Guid(54b675d5f2989b94e99fef50f523abc0) Importer(815301076,1909f56bfc062723c751e8b465ee728b)  -> (artifact id: '01fc9e4f5d6fa1bec7ad4bb4cf093442') in 0.011813 seconds 
========================================================================
Received Import Request.
  Time since last request: 0.000045 seconds.
  path: Assets/Res/粒子火/Prefabs/TinyFire/TinyFire_Poison.prefab
  artifactKey: Guid(2dd612cce829d624c9897073b85ead2f) Importer(815301076,1909f56bfc062723c751e8b465ee728b)
Start importing Assets/Res/粒子火/Prefabs/TinyFire/TinyFire_Poison.prefab using Guid(2dd612cce829d624c9897073b85ead2f) Importer(815301076,1909f56bfc062723c751e8b465ee728b)  -> (artifact id: 'ad508db4d439c90c8c70e141db079d0c') in 0.005691 seconds 
========================================================================
Received Import Request.
  Time since last request: 35.044935 seconds.
  path: Assets/New Folder
  artifactKey: Guid(132c74de1f0704b3983640f22fc16535) Importer(815301076,1909f56bfc062723c751e8b465ee728b)
Start importing Assets/New Folder using Guid(132c74de1f0704b3983640f22fc16535) Importer(815301076,1909f56bfc062723c751e8b465ee728b)  -> (artifact id: '117cc7475c91100f5fb3a75e19c1ec2c') in 0.001060 seconds 
========================================================================
Received Import Request.
  Time since last request: 6.356698 seconds.
  path: Assets/Script
  artifactKey: Guid(132c74de1f0704b3983640f22fc16535) Importer(815301076,1909f56bfc062723c751e8b465ee728b)
Start importing Assets/Script using Guid(132c74de1f0704b3983640f22fc16535) Importer(815301076,1909f56bfc062723c751e8b465ee728b)  -> (artifact id: '34a9497546a79747d5ab945bfd3fdb1f') in 0.000817 seconds 
========================================================================
Received Import Request.
  Time since last request: 67.326961 seconds.
  path: Assets/Res/UI/体力.png
  artifactKey: Guid(65fb8637f95dfdb4a86f42785993c9e0) Importer(815301076,1909f56bfc062723c751e8b465ee728b)
Start importing Assets/Res/UI/体力.png using Guid(65fb8637f95dfdb4a86f42785993c9e0) Importer(815301076,1909f56bfc062723c751e8b465ee728b)  -> (artifact id: 'bf939b8f3cd88980e809e30c4abe2e6a') in 0.506902 seconds 
========================================================================
Received Import Request.
  Time since last request: 0.000049 seconds.
  path: Assets/Res/UI/生命值填充.png
  artifactKey: Guid(8e7ca991d13d9104182fa827d6c00bf6) Importer(815301076,1909f56bfc062723c751e8b465ee728b)
Start importing Assets/Res/UI/生命值填充.png using Guid(8e7ca991d13d9104182fa827d6c00bf6) Importer(815301076,1909f56bfc062723c751e8b465ee728b)  -> (artifact id: '5d4e97dfdc1dde1cf34b000162a540dc') in 0.020547 seconds 
========================================================================
Received Import Request.
  Time since last request: 0.000034 seconds.
  path: Assets/Res/UI/太阳.png
  artifactKey: Guid(d7338fe0770c8da4a98c9f25e777d597) Importer(815301076,1909f56bfc062723c751e8b465ee728b)
Start importing Assets/Res/UI/太阳.png using Guid(d7338fe0770c8da4a98c9f25e777d597) Importer(815301076,1909f56bfc062723c751e8b465ee728b)  -> (artifact id: 'ebfdce2d66fe113ef29aabd35e088c48') in 0.093461 seconds 
========================================================================
Received Import Request.
  Time since last request: 0.000046 seconds.
  path: Assets/Res/UI/熟肉.png
  artifactKey: Guid(377af6bfe60339d419a47225a0a31eba) Importer(815301076,1909f56bfc062723c751e8b465ee728b)
Start importing Assets/Res/UI/熟肉.png using Guid(377af6bfe60339d419a47225a0a31eba) Importer(815301076,1909f56bfc062723c751e8b465ee728b)  -> (artifact id: '392f37b71f1d513b7e284692e1888da2') in 0.022347 seconds 
========================================================================
Received Import Request.
  Time since last request: 0.000033 seconds.
  path: Assets/Res/UI/木材.png
  artifactKey: Guid(7e6f23afaf2c2544caa95d12352adaea) Importer(815301076,1909f56bfc062723c751e8b465ee728b)
Start importing Assets/Res/UI/木材.png using Guid(7e6f23afaf2c2544caa95d12352adaea) Importer(815301076,1909f56bfc062723c751e8b465ee728b)  -> (artifact id: 'afbfc93a20c309b7208e23e4eec0cda6') in 0.018986 seconds 
========================================================================
Received Import Request.
  Time since last request: 0.000043 seconds.
  path: Assets/Res/UI/背包网格.png
  artifactKey: Guid(74f1ae6a1a9143443928723ed0ee36bc) Importer(815301076,1909f56bfc062723c751e8b465ee728b)
Start importing Assets/Res/UI/背包网格.png using Guid(74f1ae6a1a9143443928723ed0ee36bc) Importer(815301076,1909f56bfc062723c751e8b465ee728b)  -> (artifact id: '613ea0166f218b8b94b490fccc8ded06') in 0.018225 seconds 
========================================================================
Received Import Request.
  Time since last request: 0.000047 seconds.
  path: Assets/Res/UI/篝火.png
  artifactKey: Guid(f4a8b0210fea5d54b8fb98504133cf8d) Importer(815301076,1909f56bfc062723c751e8b465ee728b)
Start importing Assets/Res/UI/篝火.png using Guid(f4a8b0210fea5d54b8fb98504133cf8d) Importer(815301076,1909f56bfc062723c751e8b465ee728b)  -> (artifact id: 'b735c357da2944f16dd0d6056bd467f7') in 0.019650 seconds 
========================================================================
Received Import Request.
  Time since last request: 4.216468 seconds.
  path: Assets/Res/森林/Adventure Forest Documentation.pdf
  artifactKey: Guid(8b01e7587c43b214c800c3a7d1307b26) Importer(815301076,1909f56bfc062723c751e8b465ee728b)
Start importing Assets/Res/森林/Adventure Forest Documentation.pdf using Guid(8b01e7587c43b214c800c3a7d1307b26) Importer(815301076,1909f56bfc062723c751e8b465ee728b)  -> (artifact id: '6575eeac9193d70f2b0d3fc0a2ed4da9') in 0.040446 seconds 
========================================================================
Received Import Request.
  Time since last request: 4.953007 seconds.
  path: Assets/Res/森林/demo scene
  artifactKey: Guid(7fae1cbdeb323e147a088eefb0e09eb7) Importer(815301076,1909f56bfc062723c751e8b465ee728b)
Start importing Assets/Res/森林/demo scene using Guid(7fae1cbdeb323e147a088eefb0e09eb7) Importer(815301076,1909f56bfc062723c751e8b465ee728b)  -> (artifact id: '057289b932b1929d5d7639f18b65c8d3') in 0.001314 seconds 
========================================================================
Received Import Request.
  Time since last request: 1.062859 seconds.
  path: Assets/Res/森林/demo scene/Demo Scene Adventure Forest.unity
  artifactKey: Guid(c0bec6a40db1a314fa4c100dc7e770a7) Importer(815301076,1909f56bfc062723c751e8b465ee728b)
Start importing Assets/Res/森林/demo scene/Demo Scene Adventure Forest.unity using Guid(c0bec6a40db1a314fa4c100dc7e770a7) Importer(815301076,1909f56bfc062723c751e8b465ee728b)  -> (artifact id: '241e2f4bf1cdb7a51c7e152fcaad3979') in 0.000707 seconds 
